#! /usr/bin/vvp
:ivl_version "11.0 (stable)";
:ivl_delay_selection "TYPICAL";
:vpi_time_precision + 0;
:vpi_module "/usr/lib/x86_64-linux-gnu/ivl/system.vpi";
:vpi_module "/usr/lib/x86_64-linux-gnu/ivl/vhdl_sys.vpi";
:vpi_module "/usr/lib/x86_64-linux-gnu/ivl/vhdl_textio.vpi";
:vpi_module "/usr/lib/x86_64-linux-gnu/ivl/v2005_math.vpi";
:vpi_module "/usr/lib/x86_64-linux-gnu/ivl/va_math.vpi";
S_0x55898591b730 .scope module, "Q2" "Q2" 2 1;
 .timescale 0 0;
    .port_info 0 /INPUT 1 "cin";
    .port_info 1 /INPUT 1 "x";
    .port_info 2 /INPUT 1 "y";
    .port_info 3 /OUTPUT 1 "s";
    .port_info 4 /OUTPUT 1 "cout";
o0x7fc396263198 .functor BUFZ 1, C4<z>; HiZ drive
o0x7fc3962631c8 .functor BUFZ 1, C4<z>; HiZ drive
L_0x55898593dd40 .functor XOR 1, o0x7fc396263198, o0x7fc3962631c8, C4<0>, C4<0>;
o0x7fc396263108 .functor BUFZ 1, C4<z>; HiZ drive
L_0x55898593de30 .functor XOR 1, L_0x55898593dd40, o0x7fc396263108, C4<0>, C4<0>;
L_0x55898593ded0 .functor AND 1, o0x7fc396263198, o0x7fc3962631c8, C4<1>, C4<1>;
L_0x55898593e010 .functor AND 1, o0x7fc396263198, o0x7fc396263108, C4<1>, C4<1>;
L_0x55898593e100 .functor OR 1, L_0x55898593ded0, L_0x55898593e010, C4<0>, C4<0>;
L_0x55898593e210 .functor AND 1, o0x7fc3962631c8, o0x7fc396263108, C4<1>, C4<1>;
L_0x55898593e2c0 .functor OR 1, L_0x55898593e100, L_0x55898593e210, C4<0>, C4<0>;
v0x55898591b940_0 .net *"_ivl_0", 0 0, L_0x55898593dd40;  1 drivers
v0x55898593d500_0 .net *"_ivl_10", 0 0, L_0x55898593e210;  1 drivers
v0x55898593d5e0_0 .net *"_ivl_4", 0 0, L_0x55898593ded0;  1 drivers
v0x55898593d6d0_0 .net *"_ivl_6", 0 0, L_0x55898593e010;  1 drivers
v0x55898593d7b0_0 .net *"_ivl_8", 0 0, L_0x55898593e100;  1 drivers
v0x55898593d8e0_0 .net "cin", 0 0, o0x7fc396263108;  0 drivers
v0x55898593d9a0_0 .net "cout", 0 0, L_0x55898593e2c0;  1 drivers
v0x55898593da60_0 .net "s", 0 0, L_0x55898593de30;  1 drivers
v0x55898593db20_0 .net "x", 0 0, o0x7fc396263198;  0 drivers
v0x55898593dbe0_0 .net "y", 0 0, o0x7fc3962631c8;  0 drivers
# The file index is used to find the file name in the following table.
:file_names 3;
    "N/A";
    "<interactive>";
    "Q2.v";
