#! /usr/bin/vvp
:ivl_version "11.0 (stable)";
:ivl_delay_selection "TYPICAL";
:vpi_time_precision - 9;
:vpi_module "/usr/lib/x86_64-linux-gnu/ivl/system.vpi";
:vpi_module "/usr/lib/x86_64-linux-gnu/ivl/vhdl_sys.vpi";
:vpi_module "/usr/lib/x86_64-linux-gnu/ivl/vhdl_textio.vpi";
:vpi_module "/usr/lib/x86_64-linux-gnu/ivl/v2005_math.vpi";
:vpi_module "/usr/lib/x86_64-linux-gnu/ivl/va_math.vpi";
S_0x55be0afb0780 .scope module, "Q2_tb" "Q2_tb" 2 4;
 .timescale -9 -9;
v0x55be0afc7710_0 .var "cin", 0 0;
v0x55be0afc77d0_0 .net "cout", 0 0, L_0x55be0afc8150;  1 drivers
v0x55be0afc78a0_0 .net "s", 0 0, L_0x55be0afc7c50;  1 drivers
v0x55be0afc79a0_0 .var "x", 0 0;
v0x55be0afc7a70_0 .var "y", 0 0;
S_0x55be0afb0910 .scope module, "Q_2" "Q2" 2 7, 3 1 0, S_0x55be0afb0780;
 .timescale -9 -9;
    .port_info 0 /INPUT 1 "cin";
    .port_info 1 /INPUT 1 "x";
    .port_info 2 /INPUT 1 "y";
    .port_info 3 /OUTPUT 1 "s";
    .port_info 4 /OUTPUT 1 "cout";
L_0x55be0afc7b10 .functor XOR 1, v0x55be0afc79a0_0, v0x55be0afc7a70_0, C4<0>, C4<0>;
L_0x55be0afc7c50 .functor XOR 1, L_0x55be0afc7b10, v0x55be0afc7710_0, C4<0>, C4<0>;
L_0x55be0afc7db0 .functor AND 1, v0x55be0afc79a0_0, v0x55be0afc7a70_0, C4<1>, C4<1>;
L_0x55be0afc7e20 .functor AND 1, v0x55be0afc79a0_0, v0x55be0afc7710_0, C4<1>, C4<1>;
L_0x55be0afc7ec0 .functor OR 1, L_0x55be0afc7db0, L_0x55be0afc7e20, C4<0>, C4<0>;
L_0x55be0afc7f80 .functor AND 1, v0x55be0afc7a70_0, v0x55be0afc7710_0, C4<1>, C4<1>;
L_0x55be0afc8150 .functor OR 1, L_0x55be0afc7ec0, L_0x55be0afc7f80, C4<0>, C4<0>;
v0x55be0afb0af0_0 .net *"_ivl_0", 0 0, L_0x55be0afc7b10;  1 drivers
v0x55be0afc6f00_0 .net *"_ivl_10", 0 0, L_0x55be0afc7f80;  1 drivers
v0x55be0afc6fe0_0 .net *"_ivl_4", 0 0, L_0x55be0afc7db0;  1 drivers
v0x55be0afc70a0_0 .net *"_ivl_6", 0 0, L_0x55be0afc7e20;  1 drivers
v0x55be0afc7180_0 .net *"_ivl_8", 0 0, L_0x55be0afc7ec0;  1 drivers
v0x55be0afc72b0_0 .net "cin", 0 0, v0x55be0afc7710_0;  1 drivers
v0x55be0afc7370_0 .net "cout", 0 0, L_0x55be0afc8150;  alias, 1 drivers
v0x55be0afc7430_0 .net "s", 0 0, L_0x55be0afc7c50;  alias, 1 drivers
v0x55be0afc74f0_0 .net "x", 0 0, v0x55be0afc79a0_0;  1 drivers
v0x55be0afc75b0_0 .net "y", 0 0, v0x55be0afc7a70_0;  1 drivers
    .scope S_0x55be0afb0780;
T_0 ;
    %vpi_call 2 9 "$dumpfile", "Q2_tb.vcd" {0 0 0};
    %vpi_call 2 10 "$dumpvars", 32'sb00000000000000000000000000000000, S_0x55be0afb0780 {0 0 0};
    %pushi/vec4 0, 0, 1;
    %store/vec4 v0x55be0afc79a0_0, 0, 1;
    %pushi/vec4 0, 0, 1;
    %store/vec4 v0x55be0afc7a70_0, 0, 1;
    %pushi/vec4 0, 0, 1;
    %store/vec4 v0x55be0afc7710_0, 0, 1;
    %delay 20, 0;
    %pushi/vec4 0, 0, 1;
    %store/vec4 v0x55be0afc79a0_0, 0, 1;
    %pushi/vec4 0, 0, 1;
    %store/vec4 v0x55be0afc7a70_0, 0, 1;
    %pushi/vec4 1, 0, 1;
    %store/vec4 v0x55be0afc7710_0, 0, 1;
    %delay 20, 0;
    %pushi/vec4 0, 0, 1;
    %store/vec4 v0x55be0afc79a0_0, 0, 1;
    %pushi/vec4 1, 0, 1;
    %store/vec4 v0x55be0afc7a70_0, 0, 1;
    %pushi/vec4 0, 0, 1;
    %store/vec4 v0x55be0afc7710_0, 0, 1;
    %delay 20, 0;
    %pushi/vec4 0, 0, 1;
    %store/vec4 v0x55be0afc79a0_0, 0, 1;
    %pushi/vec4 1, 0, 1;
    %store/vec4 v0x55be0afc7a70_0, 0, 1;
    %pushi/vec4 1, 0, 1;
    %store/vec4 v0x55be0afc7710_0, 0, 1;
    %delay 20, 0;
    %pushi/vec4 1, 0, 1;
    %store/vec4 v0x55be0afc79a0_0, 0, 1;
    %pushi/vec4 0, 0, 1;
    %store/vec4 v0x55be0afc7a70_0, 0, 1;
    %pushi/vec4 0, 0, 1;
    %store/vec4 v0x55be0afc7710_0, 0, 1;
    %delay 20, 0;
    %pushi/vec4 1, 0, 1;
    %store/vec4 v0x55be0afc79a0_0, 0, 1;
    %pushi/vec4 0, 0, 1;
    %store/vec4 v0x55be0afc7a70_0, 0, 1;
    %pushi/vec4 1, 0, 1;
    %store/vec4 v0x55be0afc7710_0, 0, 1;
    %delay 20, 0;
    %pushi/vec4 1, 0, 1;
    %store/vec4 v0x55be0afc79a0_0, 0, 1;
    %pushi/vec4 1, 0, 1;
    %store/vec4 v0x55be0afc7a70_0, 0, 1;
    %pushi/vec4 0, 0, 1;
    %store/vec4 v0x55be0afc7710_0, 0, 1;
    %delay 20, 0;
    %pushi/vec4 1, 0, 1;
    %store/vec4 v0x55be0afc79a0_0, 0, 1;
    %pushi/vec4 1, 0, 1;
    %store/vec4 v0x55be0afc7a70_0, 0, 1;
    %pushi/vec4 1, 0, 1;
    %store/vec4 v0x55be0afc7710_0, 0, 1;
    %delay 20, 0;
    %vpi_call 2 20 "$display", "Test Completed" {0 0 0};
    %end;
    .thread T_0;
# The file index is used to find the file name in the following table.
:file_names 4;
    "N/A";
    "<interactive>";
    "Q2_tb.v";
    "./Q2.v";
