#! /usr/bin/vvp
:ivl_version "11.0 (stable)";
:ivl_delay_selection "TYPICAL";
:vpi_time_precision + 0;
:vpi_module "/usr/lib/x86_64-linux-gnu/ivl/system.vpi";
:vpi_module "/usr/lib/x86_64-linux-gnu/ivl/vhdl_sys.vpi";
:vpi_module "/usr/lib/x86_64-linux-gnu/ivl/vhdl_textio.vpi";
:vpi_module "/usr/lib/x86_64-linux-gnu/ivl/v2005_math.vpi";
:vpi_module "/usr/lib/x86_64-linux-gnu/ivl/va_math.vpi";
S_0x5638a5cb6340 .scope module, "Q4" "Q4" 2 6;
 .timescale 0 0;
    .port_info 0 /INPUT 1 "cin";
    .port_info 1 /INPUT 4 "x";
    .port_info 2 /INPUT 4 "y";
    .port_info 3 /OUTPUT 4 "s";
    .port_info 4 /OUTPUT 1 "cout";
v0x5638a5ce4e00_0 .net "c", 2 0, L_0x5638a5ce7050;  1 drivers
o0x7fe7e1164108 .functor BUFZ 1, C4<z>; HiZ drive
v0x5638a5ce4f00_0 .net "cin", 0 0, o0x7fe7e1164108;  0 drivers
v0x5638a5ce4fc0_0 .net "cout", 0 0, L_0x5638a5ce7600;  1 drivers
v0x5638a5ce50c0_0 .net "s", 3 0, L_0x5638a5ce7d70;  1 drivers
o0x7fe7e1164bb8 .functor BUFZ 4, C4<zzzz>; HiZ drive
v0x5638a5ce5160_0 .net "x", 3 0, o0x7fe7e1164bb8;  0 drivers
o0x7fe7e1164be8 .functor BUFZ 4, C4<zzzz>; HiZ drive
v0x5638a5ce5200_0 .net "y", 3 0, o0x7fe7e1164be8;  0 drivers
L_0x5638a5ce5a70 .part o0x7fe7e1164bb8, 0, 1;
L_0x5638a5ce5ba0 .part o0x7fe7e1164be8, 0, 1;
L_0x5638a5ce62c0 .part L_0x5638a5ce7050, 0, 1;
L_0x5638a5ce63f0 .part o0x7fe7e1164bb8, 1, 1;
L_0x5638a5ce6550 .part o0x7fe7e1164be8, 1, 1;
L_0x5638a5ce6c30 .part L_0x5638a5ce7050, 1, 1;
L_0x5638a5ce6da0 .part o0x7fe7e1164bb8, 2, 1;
L_0x5638a5ce6ed0 .part o0x7fe7e1164be8, 3, 1;
L_0x5638a5ce7050 .concat8 [ 1 1 1 0], L_0x5638a5ce59b0, L_0x5638a5ce61b0, L_0x5638a5ce6b20;
L_0x5638a5ce7760 .part L_0x5638a5ce7050, 2, 1;
L_0x5638a5ce7980 .part o0x7fe7e1164bb8, 3, 1;
L_0x5638a5ce7b40 .part o0x7fe7e1164be8, 3, 1;
L_0x5638a5ce7d70 .concat8 [ 1 1 1 1], L_0x5638a5ce5470, L_0x5638a5ce5d70, L_0x5638a5ce66f0, L_0x5638a5ce71b0;
S_0x5638a5cbc270 .scope module, "a1" "fulladd" 2 9, 2 1 0, S_0x5638a5cb6340;
 .timescale 0 0;
    .port_info 0 /INPUT 1 "cin";
    .port_info 1 /INPUT 1 "x";
    .port_info 2 /INPUT 1 "y";
    .port_info 3 /OUTPUT 1 "s";
    .port_info 4 /OUTPUT 1 "cout";
L_0x5638a5ce5380 .functor XOR 1, L_0x5638a5ce5a70, L_0x5638a5ce5ba0, C4<0>, C4<0>;
L_0x5638a5ce5470 .functor XOR 1, L_0x5638a5ce5380, o0x7fe7e1164108, C4<0>, C4<0>;
L_0x5638a5ce55b0 .functor AND 1, L_0x5638a5ce5a70, L_0x5638a5ce5ba0, C4<1>, C4<1>;
L_0x5638a5ce56c0 .functor AND 1, L_0x5638a5ce5a70, o0x7fe7e1164108, C4<1>, C4<1>;
L_0x5638a5ce5760 .functor OR 1, L_0x5638a5ce55b0, L_0x5638a5ce56c0, C4<0>, C4<0>;
L_0x5638a5ce5870 .functor AND 1, L_0x5638a5ce5ba0, o0x7fe7e1164108, C4<1>, C4<1>;
L_0x5638a5ce59b0 .functor OR 1, L_0x5638a5ce5760, L_0x5638a5ce5870, C4<0>, C4<0>;
v0x5638a5cbf3b0_0 .net *"_ivl_0", 0 0, L_0x5638a5ce5380;  1 drivers
v0x5638a5cbc610_0 .net *"_ivl_10", 0 0, L_0x5638a5ce5870;  1 drivers
v0x5638a5cb96c0_0 .net *"_ivl_4", 0 0, L_0x5638a5ce55b0;  1 drivers
v0x5638a5cb6710_0 .net *"_ivl_6", 0 0, L_0x5638a5ce56c0;  1 drivers
v0x5638a5ce26a0_0 .net *"_ivl_8", 0 0, L_0x5638a5ce5760;  1 drivers
v0x5638a5ce27d0_0 .net "cin", 0 0, o0x7fe7e1164108;  alias, 0 drivers
v0x5638a5ce2890_0 .net "cout", 0 0, L_0x5638a5ce59b0;  1 drivers
v0x5638a5ce2950_0 .net "s", 0 0, L_0x5638a5ce5470;  1 drivers
v0x5638a5ce2a10_0 .net "x", 0 0, L_0x5638a5ce5a70;  1 drivers
v0x5638a5ce2ad0_0 .net "y", 0 0, L_0x5638a5ce5ba0;  1 drivers
S_0x5638a5ce2c30 .scope module, "a2" "fulladd" 2 10, 2 1 0, S_0x5638a5cb6340;
 .timescale 0 0;
    .port_info 0 /INPUT 1 "cin";
    .port_info 1 /INPUT 1 "x";
    .port_info 2 /INPUT 1 "y";
    .port_info 3 /OUTPUT 1 "s";
    .port_info 4 /OUTPUT 1 "cout";
L_0x5638a5ce5cd0 .functor XOR 1, L_0x5638a5ce63f0, L_0x5638a5ce6550, C4<0>, C4<0>;
L_0x5638a5ce5d70 .functor XOR 1, L_0x5638a5ce5cd0, L_0x5638a5ce62c0, C4<0>, C4<0>;
L_0x5638a5ce5e10 .functor AND 1, L_0x5638a5ce63f0, L_0x5638a5ce6550, C4<1>, C4<1>;
L_0x5638a5ce5f00 .functor AND 1, L_0x5638a5ce63f0, L_0x5638a5ce62c0, C4<1>, C4<1>;
L_0x5638a5ce5ff0 .functor OR 1, L_0x5638a5ce5e10, L_0x5638a5ce5f00, C4<0>, C4<0>;
L_0x5638a5ce6100 .functor AND 1, L_0x5638a5ce6550, L_0x5638a5ce62c0, C4<1>, C4<1>;
L_0x5638a5ce61b0 .functor OR 1, L_0x5638a5ce5ff0, L_0x5638a5ce6100, C4<0>, C4<0>;
v0x5638a5ce2de0_0 .net *"_ivl_0", 0 0, L_0x5638a5ce5cd0;  1 drivers
v0x5638a5ce2ec0_0 .net *"_ivl_10", 0 0, L_0x5638a5ce6100;  1 drivers
v0x5638a5ce2fa0_0 .net *"_ivl_4", 0 0, L_0x5638a5ce5e10;  1 drivers
v0x5638a5ce3060_0 .net *"_ivl_6", 0 0, L_0x5638a5ce5f00;  1 drivers
v0x5638a5ce3140_0 .net *"_ivl_8", 0 0, L_0x5638a5ce5ff0;  1 drivers
v0x5638a5ce3270_0 .net "cin", 0 0, L_0x5638a5ce62c0;  1 drivers
v0x5638a5ce3330_0 .net "cout", 0 0, L_0x5638a5ce61b0;  1 drivers
v0x5638a5ce33f0_0 .net "s", 0 0, L_0x5638a5ce5d70;  1 drivers
v0x5638a5ce34b0_0 .net "x", 0 0, L_0x5638a5ce63f0;  1 drivers
v0x5638a5ce3600_0 .net "y", 0 0, L_0x5638a5ce6550;  1 drivers
S_0x5638a5ce3760 .scope module, "a3" "fulladd" 2 11, 2 1 0, S_0x5638a5cb6340;
 .timescale 0 0;
    .port_info 0 /INPUT 1 "cin";
    .port_info 1 /INPUT 1 "x";
    .port_info 2 /INPUT 1 "y";
    .port_info 3 /OUTPUT 1 "s";
    .port_info 4 /OUTPUT 1 "cout";
L_0x5638a5ce6680 .functor XOR 1, L_0x5638a5ce6da0, L_0x5638a5ce6ed0, C4<0>, C4<0>;
L_0x5638a5ce66f0 .functor XOR 1, L_0x5638a5ce6680, L_0x5638a5ce6c30, C4<0>, C4<0>;
L_0x5638a5ce6760 .functor AND 1, L_0x5638a5ce6da0, L_0x5638a5ce6ed0, C4<1>, C4<1>;
L_0x5638a5ce6870 .functor AND 1, L_0x5638a5ce6da0, L_0x5638a5ce6c30, C4<1>, C4<1>;
L_0x5638a5ce6960 .functor OR 1, L_0x5638a5ce6760, L_0x5638a5ce6870, C4<0>, C4<0>;
L_0x5638a5ce6a70 .functor AND 1, L_0x5638a5ce6ed0, L_0x5638a5ce6c30, C4<1>, C4<1>;
L_0x5638a5ce6b20 .functor OR 1, L_0x5638a5ce6960, L_0x5638a5ce6a70, C4<0>, C4<0>;
v0x5638a5ce38f0_0 .net *"_ivl_0", 0 0, L_0x5638a5ce6680;  1 drivers
v0x5638a5ce39d0_0 .net *"_ivl_10", 0 0, L_0x5638a5ce6a70;  1 drivers
v0x5638a5ce3ab0_0 .net *"_ivl_4", 0 0, L_0x5638a5ce6760;  1 drivers
v0x5638a5ce3ba0_0 .net *"_ivl_6", 0 0, L_0x5638a5ce6870;  1 drivers
v0x5638a5ce3c80_0 .net *"_ivl_8", 0 0, L_0x5638a5ce6960;  1 drivers
v0x5638a5ce3db0_0 .net "cin", 0 0, L_0x5638a5ce6c30;  1 drivers
v0x5638a5ce3e70_0 .net "cout", 0 0, L_0x5638a5ce6b20;  1 drivers
v0x5638a5ce3f30_0 .net "s", 0 0, L_0x5638a5ce66f0;  1 drivers
v0x5638a5ce3ff0_0 .net "x", 0 0, L_0x5638a5ce6da0;  1 drivers
v0x5638a5ce4140_0 .net "y", 0 0, L_0x5638a5ce6ed0;  1 drivers
S_0x5638a5ce42a0 .scope module, "a4" "fulladd" 2 12, 2 1 0, S_0x5638a5cb6340;
 .timescale 0 0;
    .port_info 0 /INPUT 1 "cin";
    .port_info 1 /INPUT 1 "x";
    .port_info 2 /INPUT 1 "y";
    .port_info 3 /OUTPUT 1 "s";
    .port_info 4 /OUTPUT 1 "cout";
L_0x5638a5ce7140 .functor XOR 1, L_0x5638a5ce7980, L_0x5638a5ce7b40, C4<0>, C4<0>;
L_0x5638a5ce71b0 .functor XOR 1, L_0x5638a5ce7140, L_0x5638a5ce7760, C4<0>, C4<0>;
L_0x5638a5ce7270 .functor AND 1, L_0x5638a5ce7980, L_0x5638a5ce7b40, C4<1>, C4<1>;
L_0x5638a5ce7380 .functor AND 1, L_0x5638a5ce7980, L_0x5638a5ce7760, C4<1>, C4<1>;
L_0x5638a5ce7440 .functor OR 1, L_0x5638a5ce7270, L_0x5638a5ce7380, C4<0>, C4<0>;
L_0x5638a5ce7550 .functor AND 1, L_0x5638a5ce7b40, L_0x5638a5ce7760, C4<1>, C4<1>;
L_0x5638a5ce7600 .functor OR 1, L_0x5638a5ce7440, L_0x5638a5ce7550, C4<0>, C4<0>;
v0x5638a5ce4430_0 .net *"_ivl_0", 0 0, L_0x5638a5ce7140;  1 drivers
v0x5638a5ce4530_0 .net *"_ivl_10", 0 0, L_0x5638a5ce7550;  1 drivers
v0x5638a5ce4610_0 .net *"_ivl_4", 0 0, L_0x5638a5ce7270;  1 drivers
v0x5638a5ce4700_0 .net *"_ivl_6", 0 0, L_0x5638a5ce7380;  1 drivers
v0x5638a5ce47e0_0 .net *"_ivl_8", 0 0, L_0x5638a5ce7440;  1 drivers
v0x5638a5ce4910_0 .net "cin", 0 0, L_0x5638a5ce7760;  1 drivers
v0x5638a5ce49d0_0 .net "cout", 0 0, L_0x5638a5ce7600;  alias, 1 drivers
v0x5638a5ce4a90_0 .net "s", 0 0, L_0x5638a5ce71b0;  1 drivers
v0x5638a5ce4b50_0 .net "x", 0 0, L_0x5638a5ce7980;  1 drivers
v0x5638a5ce4ca0_0 .net "y", 0 0, L_0x5638a5ce7b40;  1 drivers
# The file index is used to find the file name in the following table.
:file_names 3;
    "N/A";
    "<interactive>";
    "Q4.v";
