#! /usr/bin/vvp
:ivl_version "11.0 (stable)";
:ivl_delay_selection "TYPICAL";
:vpi_time_precision - 9;
:vpi_module "/usr/lib/x86_64-linux-gnu/ivl/system.vpi";
:vpi_module "/usr/lib/x86_64-linux-gnu/ivl/vhdl_sys.vpi";
:vpi_module "/usr/lib/x86_64-linux-gnu/ivl/vhdl_textio.vpi";
:vpi_module "/usr/lib/x86_64-linux-gnu/ivl/v2005_math.vpi";
:vpi_module "/usr/lib/x86_64-linux-gnu/ivl/va_math.vpi";
S_0x5586fa7831c0 .scope module, "Q4_tb" "Q4_tb" 2 4;
 .timescale -9 -9;
v0x5586fa7b9590_0 .var "cin", 0 0;
v0x5586fa7b96a0_0 .net "cout", 0 0, L_0x5586fa7bbc70;  1 drivers
v0x5586fa7b97b0_0 .net "s", 3 0, L_0x5586fa7bc270;  1 drivers
v0x5586fa7b9850_0 .var "x", 3 0;
v0x5586fa7b98f0_0 .var "y", 3 0;
S_0x5586fa7890f0 .scope module, "Q_4" "Q4" 2 11, 3 6 0, S_0x5586fa7831c0;
 .timescale -9 -9;
    .port_info 0 /INPUT 1 "cin";
    .port_info 1 /INPUT 4 "x";
    .port_info 2 /INPUT 4 "y";
    .port_info 3 /OUTPUT 4 "s";
    .port_info 4 /OUTPUT 1 "cout";
v0x5586fa7b9010_0 .net "c", 2 0, L_0x5586fa7bb760;  1 drivers
v0x5586fa7b9110_0 .net "cin", 0 0, v0x5586fa7b9590_0;  1 drivers
v0x5586fa7b91d0_0 .net "cout", 0 0, L_0x5586fa7bbc70;  alias, 1 drivers
v0x5586fa7b92d0_0 .net "s", 3 0, L_0x5586fa7bc270;  alias, 1 drivers
v0x5586fa7b9370_0 .net "x", 3 0, v0x5586fa7b9850_0;  1 drivers
v0x5586fa7b9410_0 .net "y", 3 0, v0x5586fa7b98f0_0;  1 drivers
L_0x5586fa7ba090 .part v0x5586fa7b9850_0, 0, 1;
L_0x5586fa7ba1c0 .part v0x5586fa7b98f0_0, 0, 1;
L_0x5586fa7ba8f0 .part L_0x5586fa7bb760, 0, 1;
L_0x5586fa7baa20 .part v0x5586fa7b9850_0, 1, 1;
L_0x5586fa7bab80 .part v0x5586fa7b98f0_0, 1, 1;
L_0x5586fa7bb220 .part L_0x5586fa7bb760, 1, 1;
L_0x5586fa7bb390 .part v0x5586fa7b9850_0, 2, 1;
L_0x5586fa7bb550 .part v0x5586fa7b98f0_0, 3, 1;
L_0x5586fa7bb760 .concat8 [ 1 1 1 0], L_0x5586fa7b9f80, L_0x5586fa7ba7e0, L_0x5586fa7bb110;
L_0x5586fa7bbd80 .part L_0x5586fa7bb760, 2, 1;
L_0x5586fa7bbfa0 .part v0x5586fa7b9850_0, 3, 1;
L_0x5586fa7bc0d0 .part v0x5586fa7b98f0_0, 3, 1;
L_0x5586fa7bc270 .concat8 [ 1 1 1 1], L_0x5586fa7b9ae0, L_0x5586fa7ba360, L_0x5586fa7bad20, L_0x5586fa7bb870;
S_0x5586fa7861a0 .scope module, "a1" "fulladd" 3 9, 3 1 0, S_0x5586fa7890f0;
 .timescale -9 -9;
    .port_info 0 /INPUT 1 "cin";
    .port_info 1 /INPUT 1 "x";
    .port_info 2 /INPUT 1 "y";
    .port_info 3 /OUTPUT 1 "s";
    .port_info 4 /OUTPUT 1 "cout";
L_0x5586fa7b99e0 .functor XOR 1, L_0x5586fa7ba090, L_0x5586fa7ba1c0, C4<0>, C4<0>;
L_0x5586fa7b9ae0 .functor XOR 1, L_0x5586fa7b99e0, v0x5586fa7b9590_0, C4<0>, C4<0>;
L_0x5586fa7b9bd0 .functor AND 1, L_0x5586fa7ba090, L_0x5586fa7ba1c0, C4<1>, C4<1>;
L_0x5586fa7b9ce0 .functor AND 1, L_0x5586fa7ba090, v0x5586fa7b9590_0, C4<1>, C4<1>;
L_0x5586fa7b9e10 .functor OR 1, L_0x5586fa7b9bd0, L_0x5586fa7b9ce0, C4<0>, C4<0>;
L_0x5586fa7b9ed0 .functor AND 1, L_0x5586fa7ba1c0, v0x5586fa7b9590_0, C4<1>, C4<1>;
L_0x5586fa7b9f80 .functor OR 1, L_0x5586fa7b9e10, L_0x5586fa7b9ed0, C4<0>, C4<0>;
v0x5586fa78c230_0 .net *"_ivl_0", 0 0, L_0x5586fa7b99e0;  1 drivers
v0x5586fa789490_0 .net *"_ivl_10", 0 0, L_0x5586fa7b9ed0;  1 drivers
v0x5586fa786540_0 .net *"_ivl_4", 0 0, L_0x5586fa7b9bd0;  1 drivers
v0x5586fa783590_0 .net *"_ivl_6", 0 0, L_0x5586fa7b9ce0;  1 drivers
v0x5586fa7b6940_0 .net *"_ivl_8", 0 0, L_0x5586fa7b9e10;  1 drivers
v0x5586fa7b6a70_0 .net "cin", 0 0, v0x5586fa7b9590_0;  alias, 1 drivers
v0x5586fa7b6b30_0 .net "cout", 0 0, L_0x5586fa7b9f80;  1 drivers
v0x5586fa7b6bf0_0 .net "s", 0 0, L_0x5586fa7b9ae0;  1 drivers
v0x5586fa7b6cb0_0 .net "x", 0 0, L_0x5586fa7ba090;  1 drivers
v0x5586fa7b6d70_0 .net "y", 0 0, L_0x5586fa7ba1c0;  1 drivers
S_0x5586fa7b6ed0 .scope module, "a2" "fulladd" 3 10, 3 1 0, S_0x5586fa7890f0;
 .timescale -9 -9;
    .port_info 0 /INPUT 1 "cin";
    .port_info 1 /INPUT 1 "x";
    .port_info 2 /INPUT 1 "y";
    .port_info 3 /OUTPUT 1 "s";
    .port_info 4 /OUTPUT 1 "cout";
L_0x5586fa7ba2f0 .functor XOR 1, L_0x5586fa7baa20, L_0x5586fa7bab80, C4<0>, C4<0>;
L_0x5586fa7ba360 .functor XOR 1, L_0x5586fa7ba2f0, L_0x5586fa7ba8f0, C4<0>, C4<0>;
L_0x5586fa7ba420 .functor AND 1, L_0x5586fa7baa20, L_0x5586fa7bab80, C4<1>, C4<1>;
L_0x5586fa7ba530 .functor AND 1, L_0x5586fa7baa20, L_0x5586fa7ba8f0, C4<1>, C4<1>;
L_0x5586fa7ba620 .functor OR 1, L_0x5586fa7ba420, L_0x5586fa7ba530, C4<0>, C4<0>;
L_0x5586fa7ba730 .functor AND 1, L_0x5586fa7bab80, L_0x5586fa7ba8f0, C4<1>, C4<1>;
L_0x5586fa7ba7e0 .functor OR 1, L_0x5586fa7ba620, L_0x5586fa7ba730, C4<0>, C4<0>;
v0x5586fa7b7080_0 .net *"_ivl_0", 0 0, L_0x5586fa7ba2f0;  1 drivers
v0x5586fa7b7160_0 .net *"_ivl_10", 0 0, L_0x5586fa7ba730;  1 drivers
v0x5586fa7b7240_0 .net *"_ivl_4", 0 0, L_0x5586fa7ba420;  1 drivers
v0x5586fa7b7300_0 .net *"_ivl_6", 0 0, L_0x5586fa7ba530;  1 drivers
v0x5586fa7b73e0_0 .net *"_ivl_8", 0 0, L_0x5586fa7ba620;  1 drivers
v0x5586fa7b7510_0 .net "cin", 0 0, L_0x5586fa7ba8f0;  1 drivers
v0x5586fa7b75d0_0 .net "cout", 0 0, L_0x5586fa7ba7e0;  1 drivers
v0x5586fa7b7690_0 .net "s", 0 0, L_0x5586fa7ba360;  1 drivers
v0x5586fa7b7750_0 .net "x", 0 0, L_0x5586fa7baa20;  1 drivers
v0x5586fa7b7810_0 .net "y", 0 0, L_0x5586fa7bab80;  1 drivers
S_0x5586fa7b7970 .scope module, "a3" "fulladd" 3 11, 3 1 0, S_0x5586fa7890f0;
 .timescale -9 -9;
    .port_info 0 /INPUT 1 "cin";
    .port_info 1 /INPUT 1 "x";
    .port_info 2 /INPUT 1 "y";
    .port_info 3 /OUTPUT 1 "s";
    .port_info 4 /OUTPUT 1 "cout";
L_0x5586fa7bacb0 .functor XOR 1, L_0x5586fa7bb390, L_0x5586fa7bb550, C4<0>, C4<0>;
L_0x5586fa7bad20 .functor XOR 1, L_0x5586fa7bacb0, L_0x5586fa7bb220, C4<0>, C4<0>;
L_0x5586fa7badc0 .functor AND 1, L_0x5586fa7bb390, L_0x5586fa7bb550, C4<1>, C4<1>;
L_0x5586fa7bae60 .functor AND 1, L_0x5586fa7bb390, L_0x5586fa7bb220, C4<1>, C4<1>;
L_0x5586fa7baf50 .functor OR 1, L_0x5586fa7badc0, L_0x5586fa7bae60, C4<0>, C4<0>;
L_0x5586fa7bb060 .functor AND 1, L_0x5586fa7bb550, L_0x5586fa7bb220, C4<1>, C4<1>;
L_0x5586fa7bb110 .functor OR 1, L_0x5586fa7baf50, L_0x5586fa7bb060, C4<0>, C4<0>;
v0x5586fa7b7b00_0 .net *"_ivl_0", 0 0, L_0x5586fa7bacb0;  1 drivers
v0x5586fa7b7be0_0 .net *"_ivl_10", 0 0, L_0x5586fa7bb060;  1 drivers
v0x5586fa7b7cc0_0 .net *"_ivl_4", 0 0, L_0x5586fa7badc0;  1 drivers
v0x5586fa7b7db0_0 .net *"_ivl_6", 0 0, L_0x5586fa7bae60;  1 drivers
v0x5586fa7b7e90_0 .net *"_ivl_8", 0 0, L_0x5586fa7baf50;  1 drivers
v0x5586fa7b7fc0_0 .net "cin", 0 0, L_0x5586fa7bb220;  1 drivers
v0x5586fa7b8080_0 .net "cout", 0 0, L_0x5586fa7bb110;  1 drivers
v0x5586fa7b8140_0 .net "s", 0 0, L_0x5586fa7bad20;  1 drivers
v0x5586fa7b8200_0 .net "x", 0 0, L_0x5586fa7bb390;  1 drivers
v0x5586fa7b8350_0 .net "y", 0 0, L_0x5586fa7bb550;  1 drivers
S_0x5586fa7b84b0 .scope module, "a4" "fulladd" 3 12, 3 1 0, S_0x5586fa7890f0;
 .timescale -9 -9;
    .port_info 0 /INPUT 1 "cin";
    .port_info 1 /INPUT 1 "x";
    .port_info 2 /INPUT 1 "y";
    .port_info 3 /OUTPUT 1 "s";
    .port_info 4 /OUTPUT 1 "cout";
L_0x5586fa7bb800 .functor XOR 1, L_0x5586fa7bbfa0, L_0x5586fa7bc0d0, C4<0>, C4<0>;
L_0x5586fa7bb870 .functor XOR 1, L_0x5586fa7bb800, L_0x5586fa7bbd80, C4<0>, C4<0>;
L_0x5586fa7bb8e0 .functor AND 1, L_0x5586fa7bbfa0, L_0x5586fa7bc0d0, C4<1>, C4<1>;
L_0x5586fa7bb9f0 .functor AND 1, L_0x5586fa7bbfa0, L_0x5586fa7bbd80, C4<1>, C4<1>;
L_0x5586fa7bbab0 .functor OR 1, L_0x5586fa7bb8e0, L_0x5586fa7bb9f0, C4<0>, C4<0>;
L_0x5586fa7bbbc0 .functor AND 1, L_0x5586fa7bc0d0, L_0x5586fa7bbd80, C4<1>, C4<1>;
L_0x5586fa7bbc70 .functor OR 1, L_0x5586fa7bbab0, L_0x5586fa7bbbc0, C4<0>, C4<0>;
v0x5586fa7b8640_0 .net *"_ivl_0", 0 0, L_0x5586fa7bb800;  1 drivers
v0x5586fa7b8740_0 .net *"_ivl_10", 0 0, L_0x5586fa7bbbc0;  1 drivers
v0x5586fa7b8820_0 .net *"_ivl_4", 0 0, L_0x5586fa7bb8e0;  1 drivers
v0x5586fa7b8910_0 .net *"_ivl_6", 0 0, L_0x5586fa7bb9f0;  1 drivers
v0x5586fa7b89f0_0 .net *"_ivl_8", 0 0, L_0x5586fa7bbab0;  1 drivers
v0x5586fa7b8b20_0 .net "cin", 0 0, L_0x5586fa7bbd80;  1 drivers
v0x5586fa7b8be0_0 .net "cout", 0 0, L_0x5586fa7bbc70;  alias, 1 drivers
v0x5586fa7b8ca0_0 .net "s", 0 0, L_0x5586fa7bb870;  1 drivers
v0x5586fa7b8d60_0 .net "x", 0 0, L_0x5586fa7bbfa0;  1 drivers
v0x5586fa7b8eb0_0 .net "y", 0 0, L_0x5586fa7bc0d0;  1 drivers
    .scope S_0x5586fa7831c0;
T_0 ;
    %vpi_call 2 13 "$dumpfile", "Q4_tb.vcd" {0 0 0};
    %vpi_call 2 14 "$dumpvars", 32'sb00000000000000000000000000000000, S_0x5586fa7831c0 {0 0 0};
    %pushi/vec4 0, 0, 1;
    %store/vec4 v0x5586fa7b9590_0, 0, 1;
    %pushi/vec4 1, 0, 1;
    %ix/load 4, 0, 0;
    %flag_set/imm 4, 0;
    %store/vec4 v0x5586fa7b9850_0, 4, 1;
    %pushi/vec4 0, 0, 1;
    %ix/load 4, 1, 0;
    %flag_set/imm 4, 0;
    %store/vec4 v0x5586fa7b9850_0, 4, 1;
    %pushi/vec4 1, 0, 1;
    %ix/load 4, 2, 0;
    %flag_set/imm 4, 0;
    %store/vec4 v0x5586fa7b9850_0, 4, 1;
    %pushi/vec4 0, 0, 1;
    %ix/load 4, 3, 0;
    %flag_set/imm 4, 0;
    %store/vec4 v0x5586fa7b9850_0, 4, 1;
    %pushi/vec4 1, 0, 1;
    %ix/load 4, 0, 0;
    %flag_set/imm 4, 0;
    %store/vec4 v0x5586fa7b98f0_0, 4, 1;
    %pushi/vec4 0, 0, 1;
    %ix/load 4, 1, 0;
    %flag_set/imm 4, 0;
    %store/vec4 v0x5586fa7b98f0_0, 4, 1;
    %pushi/vec4 1, 0, 1;
    %ix/load 4, 2, 0;
    %flag_set/imm 4, 0;
    %store/vec4 v0x5586fa7b98f0_0, 4, 1;
    %pushi/vec4 0, 0, 1;
    %ix/load 4, 3, 0;
    %flag_set/imm 4, 0;
    %store/vec4 v0x5586fa7b98f0_0, 4, 1;
    %delay 20, 0;
    %pushi/vec4 0, 0, 1;
    %store/vec4 v0x5586fa7b9590_0, 0, 1;
    %pushi/vec4 1, 0, 1;
    %ix/load 4, 0, 0;
    %flag_set/imm 4, 0;
    %store/vec4 v0x5586fa7b9850_0, 4, 1;
    %pushi/vec4 1, 0, 1;
    %ix/load 4, 1, 0;
    %flag_set/imm 4, 0;
    %store/vec4 v0x5586fa7b9850_0, 4, 1;
    %pushi/vec4 1, 0, 1;
    %ix/load 4, 2, 0;
    %flag_set/imm 4, 0;
    %store/vec4 v0x5586fa7b9850_0, 4, 1;
    %pushi/vec4 0, 0, 1;
    %ix/load 4, 3, 0;
    %flag_set/imm 4, 0;
    %store/vec4 v0x5586fa7b9850_0, 4, 1;
    %pushi/vec4 0, 0, 1;
    %ix/load 4, 0, 0;
    %flag_set/imm 4, 0;
    %store/vec4 v0x5586fa7b98f0_0, 4, 1;
    %pushi/vec4 0, 0, 1;
    %ix/load 4, 1, 0;
    %flag_set/imm 4, 0;
    %store/vec4 v0x5586fa7b98f0_0, 4, 1;
    %pushi/vec4 0, 0, 1;
    %ix/load 4, 2, 0;
    %flag_set/imm 4, 0;
    %store/vec4 v0x5586fa7b98f0_0, 4, 1;
    %pushi/vec4 1, 0, 1;
    %ix/load 4, 3, 0;
    %flag_set/imm 4, 0;
    %store/vec4 v0x5586fa7b98f0_0, 4, 1;
    %delay 20, 0;
    %vpi_call 2 23 "$display", "Test complete" {0 0 0};
    %end;
    .thread T_0;
# The file index is used to find the file name in the following table.
:file_names 4;
    "N/A";
    "<interactive>";
    "Q4_tb.v";
    "./Q4.v";
