#! /usr/bin/vvp
:ivl_version "11.0 (stable)";
:ivl_delay_selection "TYPICAL";
:vpi_time_precision - 9;
:vpi_module "/usr/lib/x86_64-linux-gnu/ivl/system.vpi";
:vpi_module "/usr/lib/x86_64-linux-gnu/ivl/vhdl_sys.vpi";
:vpi_module "/usr/lib/x86_64-linux-gnu/ivl/vhdl_textio.vpi";
:vpi_module "/usr/lib/x86_64-linux-gnu/ivl/v2005_math.vpi";
:vpi_module "/usr/lib/x86_64-linux-gnu/ivl/va_math.vpi";
S_0x561b87968700 .scope module, "Q3_tb" "Q3_tb" 2 4;
 .timescale -9 -9;
v0x561b87981420_0 .net "c", 0 0, L_0x561b87981d40;  1 drivers
v0x561b879814c0_0 .net "s", 0 0, L_0x561b87981c90;  1 drivers
v0x561b87981590_0 .var "x", 0 0;
v0x561b87981660_0 .var "y", 0 0;
v0x561b87981750_0 .var "z", 0 0;
S_0x561b87968890 .scope module, "Q_3" "Q3" 2 9, 3 7 0, S_0x561b87968700;
 .timescale -9 -9;
    .port_info 0 /INPUT 1 "x";
    .port_info 1 /INPUT 1 "y";
    .port_info 2 /INPUT 1 "z";
    .port_info 3 /OUTPUT 1 "s";
    .port_info 4 /OUTPUT 1 "c";
L_0x561b87981c90 .functor BUFZ 1, L_0x561b87981a50, C4<0>, C4<0>, C4<0>;
L_0x561b87981d40 .functor OR 1, L_0x561b87981900, L_0x561b87981b70, C4<0>, C4<0>;
v0x561b87980c90_0 .net "c", 0 0, L_0x561b87981d40;  alias, 1 drivers
v0x561b87980d70_0 .net "ha1_c", 0 0, L_0x561b87981900;  1 drivers
v0x561b87980e30_0 .net "ha1_s", 0 0, L_0x561b87981890;  1 drivers
v0x561b87980f50_0 .net "ha2_c", 0 0, L_0x561b87981b70;  1 drivers
v0x561b87980ff0_0 .net "ha2_s", 0 0, L_0x561b87981a50;  1 drivers
v0x561b879810e0_0 .net "s", 0 0, L_0x561b87981c90;  alias, 1 drivers
v0x561b87981180_0 .net "x", 0 0, v0x561b87981590_0;  1 drivers
v0x561b87981250_0 .net "y", 0 0, v0x561b87981660_0;  1 drivers
v0x561b87981320_0 .net "z", 0 0, v0x561b87981750_0;  1 drivers
S_0x561b8792ccf0 .scope module, "h1" "halfadd" 3 11, 3 1 0, S_0x561b87968890;
 .timescale -9 -9;
    .port_info 0 /INPUT 1 "x";
    .port_info 1 /INPUT 1 "y";
    .port_info 2 /OUTPUT 1 "s";
    .port_info 3 /OUTPUT 1 "c";
L_0x561b87981890 .functor XOR 1, v0x561b87981590_0, v0x561b87981660_0, C4<0>, C4<0>;
L_0x561b87981900 .functor AND 1, v0x561b87981590_0, v0x561b87981660_0, C4<1>, C4<1>;
v0x561b8792cf40_0 .net "c", 0 0, L_0x561b87981900;  alias, 1 drivers
v0x561b87980400_0 .net "s", 0 0, L_0x561b87981890;  alias, 1 drivers
v0x561b879804c0_0 .net "x", 0 0, v0x561b87981590_0;  alias, 1 drivers
v0x561b87980560_0 .net "y", 0 0, v0x561b87981660_0;  alias, 1 drivers
S_0x561b879806a0 .scope module, "h2" "halfadd" 3 12, 3 1 0, S_0x561b87968890;
 .timescale -9 -9;
    .port_info 0 /INPUT 1 "x";
    .port_info 1 /INPUT 1 "y";
    .port_info 2 /OUTPUT 1 "s";
    .port_info 3 /OUTPUT 1 "c";
L_0x561b87981a50 .functor XOR 1, v0x561b87981750_0, L_0x561b87981890, C4<0>, C4<0>;
L_0x561b87981b70 .functor AND 1, v0x561b87981750_0, L_0x561b87981890, C4<1>, C4<1>;
v0x561b87980910_0 .net "c", 0 0, L_0x561b87981b70;  alias, 1 drivers
v0x561b879809d0_0 .net "s", 0 0, L_0x561b87981a50;  alias, 1 drivers
v0x561b87980a90_0 .net "x", 0 0, v0x561b87981750_0;  alias, 1 drivers
v0x561b87980b30_0 .net "y", 0 0, L_0x561b87981890;  alias, 1 drivers
    .scope S_0x561b87968700;
T_0 ;
    %vpi_call 2 11 "$dumpfile", "Q3_tb.vcd" {0 0 0};
    %vpi_call 2 12 "$dumpvars", 32'sb00000000000000000000000000000000, S_0x561b87968700 {0 0 0};
    %pushi/vec4 0, 0, 1;
    %store/vec4 v0x561b87981590_0, 0, 1;
    %pushi/vec4 0, 0, 1;
    %store/vec4 v0x561b87981660_0, 0, 1;
    %pushi/vec4 0, 0, 1;
    %store/vec4 v0x561b87981750_0, 0, 1;
    %delay 20, 0;
    %pushi/vec4 0, 0, 1;
    %store/vec4 v0x561b87981590_0, 0, 1;
    %pushi/vec4 0, 0, 1;
    %store/vec4 v0x561b87981660_0, 0, 1;
    %pushi/vec4 1, 0, 1;
    %store/vec4 v0x561b87981750_0, 0, 1;
    %delay 20, 0;
    %pushi/vec4 0, 0, 1;
    %store/vec4 v0x561b87981590_0, 0, 1;
    %pushi/vec4 1, 0, 1;
    %store/vec4 v0x561b87981660_0, 0, 1;
    %pushi/vec4 0, 0, 1;
    %store/vec4 v0x561b87981750_0, 0, 1;
    %delay 20, 0;
    %pushi/vec4 0, 0, 1;
    %store/vec4 v0x561b87981590_0, 0, 1;
    %pushi/vec4 1, 0, 1;
    %store/vec4 v0x561b87981660_0, 0, 1;
    %pushi/vec4 1, 0, 1;
    %store/vec4 v0x561b87981750_0, 0, 1;
    %delay 20, 0;
    %pushi/vec4 1, 0, 1;
    %store/vec4 v0x561b87981590_0, 0, 1;
    %pushi/vec4 0, 0, 1;
    %store/vec4 v0x561b87981660_0, 0, 1;
    %pushi/vec4 0, 0, 1;
    %store/vec4 v0x561b87981750_0, 0, 1;
    %delay 20, 0;
    %pushi/vec4 1, 0, 1;
    %store/vec4 v0x561b87981590_0, 0, 1;
    %pushi/vec4 0, 0, 1;
    %store/vec4 v0x561b87981660_0, 0, 1;
    %pushi/vec4 1, 0, 1;
    %store/vec4 v0x561b87981750_0, 0, 1;
    %delay 20, 0;
    %pushi/vec4 1, 0, 1;
    %store/vec4 v0x561b87981590_0, 0, 1;
    %pushi/vec4 1, 0, 1;
    %store/vec4 v0x561b87981660_0, 0, 1;
    %pushi/vec4 0, 0, 1;
    %store/vec4 v0x561b87981750_0, 0, 1;
    %delay 20, 0;
    %pushi/vec4 1, 0, 1;
    %store/vec4 v0x561b87981590_0, 0, 1;
    %pushi/vec4 1, 0, 1;
    %store/vec4 v0x561b87981660_0, 0, 1;
    %pushi/vec4 1, 0, 1;
    %store/vec4 v0x561b87981750_0, 0, 1;
    %delay 20, 0;
    %vpi_call 2 21 "$display", "Test Completed" {0 0 0};
    %end;
    .thread T_0;
# The file index is used to find the file name in the following table.
:file_names 4;
    "N/A";
    "<interactive>";
    "Q3_tb.v";
    "./Q3.v";
