#! /usr/bin/vvp
:ivl_version "11.0 (stable)";
:ivl_delay_selection "TYPICAL";
:vpi_time_precision + 0;
:vpi_module "/usr/lib/x86_64-linux-gnu/ivl/system.vpi";
:vpi_module "/usr/lib/x86_64-linux-gnu/ivl/vhdl_sys.vpi";
:vpi_module "/usr/lib/x86_64-linux-gnu/ivl/vhdl_textio.vpi";
:vpi_module "/usr/lib/x86_64-linux-gnu/ivl/v2005_math.vpi";
:vpi_module "/usr/lib/x86_64-linux-gnu/ivl/va_math.vpi";
S_0x559381bd21a0 .scope module, "Q1" "Q1" 2 1;
 .timescale 0 0;
    .port_info 0 /INPUT 1 "x";
    .port_info 1 /INPUT 1 "y";
    .port_info 2 /OUTPUT 1 "s";
    .port_info 3 /OUTPUT 1 "c";
o0x7fdb8cfa6078 .functor BUFZ 1, C4<z>; HiZ drive
o0x7fdb8cfa60a8 .functor BUFZ 1, C4<z>; HiZ drive
L_0x559381bf3bb0 .functor XOR 1, o0x7fdb8cfa6078, o0x7fdb8cfa60a8, C4<0>, C4<0>;
L_0x559381bf3ca0 .functor AND 1, o0x7fdb8cfa6078, o0x7fdb8cfa60a8, C4<1>, C4<1>;
v0x559381bd23a0_0 .net "c", 0 0, L_0x559381bf3ca0;  1 drivers
v0x559381bf38b0_0 .net "s", 0 0, L_0x559381bf3bb0;  1 drivers
v0x559381bf3970_0 .net "x", 0 0, o0x7fdb8cfa6078;  0 drivers
v0x559381bf3a40_0 .net "y", 0 0, o0x7fdb8cfa60a8;  0 drivers
# The file index is used to find the file name in the following table.
:file_names 3;
    "N/A";
    "<interactive>";
    "Q1.v";
