#! /usr/bin/vvp
:ivl_version "11.0 (stable)";
:ivl_delay_selection "TYPICAL";
:vpi_time_precision - 9;
:vpi_module "/usr/lib/x86_64-linux-gnu/ivl/system.vpi";
:vpi_module "/usr/lib/x86_64-linux-gnu/ivl/vhdl_sys.vpi";
:vpi_module "/usr/lib/x86_64-linux-gnu/ivl/vhdl_textio.vpi";
:vpi_module "/usr/lib/x86_64-linux-gnu/ivl/v2005_math.vpi";
:vpi_module "/usr/lib/x86_64-linux-gnu/ivl/va_math.vpi";
S_0x55d4124ae0b0 .scope module, "Q1_tb" "Q1_tb" 2 4;
 .timescale -9 -9;
v0x55d4124c00b0_0 .net "c", 0 0, L_0x55d4124c0570;  1 drivers
v0x55d4124c0170_0 .net "s", 0 0, L_0x55d4124c0410;  1 drivers
v0x55d4124c0240_0 .var "x", 0 0;
v0x55d4124c0340_0 .var "y", 0 0;
S_0x55d4124ae240 .scope module, "Q_1" "Q1" 2 7, 3 1 0, S_0x55d4124ae0b0;
 .timescale -9 -9;
    .port_info 0 /INPUT 1 "x";
    .port_info 1 /INPUT 1 "y";
    .port_info 2 /OUTPUT 1 "s";
    .port_info 3 /OUTPUT 1 "c";
L_0x55d4124c0410 .functor XOR 1, v0x55d4124c0240_0, v0x55d4124c0340_0, C4<0>, C4<0>;
L_0x55d4124c0570 .functor AND 1, v0x55d4124c0240_0, v0x55d4124c0340_0, C4<1>, C4<1>;
v0x55d412474cf0_0 .net "c", 0 0, L_0x55d4124c0570;  alias, 1 drivers
v0x55d4124bfdb0_0 .net "s", 0 0, L_0x55d4124c0410;  alias, 1 drivers
v0x55d4124bfe70_0 .net "x", 0 0, v0x55d4124c0240_0;  1 drivers
v0x55d4124bff40_0 .net "y", 0 0, v0x55d4124c0340_0;  1 drivers
    .scope S_0x55d4124ae0b0;
T_0 ;
    %vpi_call 2 9 "$dumpfile", "Q1_tb.vcd" {0 0 0};
    %vpi_call 2 10 "$dumpvars", 32'sb00000000000000000000000000000000, S_0x55d4124ae0b0 {0 0 0};
    %pushi/vec4 0, 0, 1;
    %store/vec4 v0x55d4124c0240_0, 0, 1;
    %pushi/vec4 0, 0, 1;
    %store/vec4 v0x55d4124c0340_0, 0, 1;
    %delay 20, 0;
    %pushi/vec4 0, 0, 1;
    %store/vec4 v0x55d4124c0240_0, 0, 1;
    %pushi/vec4 1, 0, 1;
    %store/vec4 v0x55d4124c0340_0, 0, 1;
    %delay 20, 0;
    %pushi/vec4 1, 0, 1;
    %store/vec4 v0x55d4124c0240_0, 0, 1;
    %pushi/vec4 0, 0, 1;
    %store/vec4 v0x55d4124c0340_0, 0, 1;
    %delay 20, 0;
    %pushi/vec4 1, 0, 1;
    %store/vec4 v0x55d4124c0240_0, 0, 1;
    %pushi/vec4 1, 0, 1;
    %store/vec4 v0x55d4124c0340_0, 0, 1;
    %delay 20, 0;
    %vpi_call 2 16 "$display", "Test Complete" {0 0 0};
    %end;
    .thread T_0;
# The file index is used to find the file name in the following table.
:file_names 4;
    "N/A";
    "<interactive>";
    "Q1_tb.v";
    "./Q1.v";
